Device: cuda

=== Step 1: Extract & cache data ===

=== Step 2: Train Hybrid Dilated MS-CNN MAE ===
  [short] epoch 1/80  train=0.019411  val=0.002954  lr=1.00e-03
  [short] epoch 10/80  train=0.006490  val=0.001791  lr=9.62e-04
  [short] epoch 20/80  train=0.005752  val=0.001898  lr=8.54e-04
  [short] epoch 30/80  train=0.002129  val=0.001334  lr=6.91e-04
  [short] epoch 40/80  train=0.001609  val=0.005125  lr=5.00e-04
  [short] epoch 50/80  train=0.000649  val=0.009672  lr=3.09e-04
  [short] epoch 60/80  train=0.000507  val=0.001281  lr=1.46e-04
  [short] epoch 70/80  train=0.000408  val=0.021521  lr=3.81e-05
  [short] early stop at epoch 74  best_val=0.000924
  [long] epoch 1/80  train=0.045367  val=0.008382  lr=1.00e-03
  [long] epoch 10/80  train=0.002971  val=0.001011  lr=9.62e-04
  [long] epoch 20/80  train=0.001795  val=0.000602  lr=8.54e-04
  [long] epoch 30/80  train=0.001318  val=0.000711  lr=6.91e-04
  [long] epoch 40/80  train=0.000662  val=0.000555  lr=5.00e-04
  [long] epoch 50/80  train=0.000529  val=0.000208  lr=3.09e-04
  [long] epoch 60/80  train=0.000341  val=0.000116  lr=1.46e-04
  [long] epoch 70/80  train=0.000330  val=0.000178  lr=3.81e-05
  [long] epoch 80/80  train=0.000277  val=0.000096  lr=0.00e+00

=== Step 3: Train fusion D1 ensemble (seeds=[42, 43, 44, 45, 46]) + D2/D3 ===
  [fusion-ds1] epoch 1/150  train=0.379441  val_rmse=4.88%  w=(0.506,0.494)
  [fusion-ds1] epoch 20/150  train=0.018258  val_rmse=0.64%  w=(0.462,0.538)
  [fusion-ds1] epoch 40/150  train=0.011606  val_rmse=0.76%  w=(0.445,0.555)
  [fusion-ds1] early stop at epoch 40  best_val_rmse=0.50%
  [fusion-ds1] epoch 1/150  train=0.308133  val_rmse=3.66%  w=(0.501,0.499)
  [fusion-ds1] epoch 20/150  train=0.013381  val_rmse=1.03%  w=(0.428,0.572)
  [fusion-ds1] epoch 40/150  train=0.007811  val_rmse=0.62%  w=(0.408,0.592)
  [fusion-ds1] epoch 60/150  train=0.004023  val_rmse=0.68%  w=(0.400,0.600)
  [fusion-ds1] early stop at epoch 61  best_val_rmse=0.41%
  [fusion-ds1] epoch 1/150  train=0.334837  val_rmse=3.41%  w=(0.509,0.491)
  [fusion-ds1] epoch 20/150  train=0.015233  val_rmse=0.88%  w=(0.446,0.554)
  [fusion-ds1] epoch 40/150  train=0.008622  val_rmse=0.60%  w=(0.439,0.561)
  [fusion-ds1] early stop at epoch 48  best_val_rmse=0.45%
  [fusion-ds1] epoch 1/150  train=0.473029  val_rmse=9.21%  w=(0.489,0.511)
  [fusion-ds1] epoch 20/150  train=0.019664  val_rmse=0.76%  w=(0.463,0.537)
  [fusion-ds1] epoch 40/150  train=0.013102  val_rmse=0.78%  w=(0.445,0.555)
  [fusion-ds1] epoch 60/150  train=0.007856  val_rmse=0.76%  w=(0.428,0.572)
  [fusion-ds1] early stop at epoch 76  best_val_rmse=0.49%
  [fusion-ds1] epoch 1/150  train=0.409386  val_rmse=4.95%  w=(0.471,0.529)
  [fusion-ds1] epoch 20/150  train=0.017584  val_rmse=0.77%  w=(0.357,0.643)
  [fusion-ds1] epoch 40/150  train=0.010990  val_rmse=0.52%  w=(0.325,0.675)
  [fusion-ds1] epoch 60/150  train=0.006173  val_rmse=0.57%  w=(0.300,0.700)
  [fusion-ds1] early stop at epoch 72  best_val_rmse=0.48%
  [fusion-ds2] epoch 1/150  train=0.268246  val_rmse=3.17%  w=(0.518,0.482)
  [fusion-ds2] epoch 20/150  train=0.014358  val_rmse=0.48%  w=(0.455,0.545)
  [fusion-ds2] epoch 40/150  train=0.005551  val_rmse=0.45%  w=(0.424,0.576)
  [fusion-ds2] epoch 60/150  train=0.001368  val_rmse=0.25%  w=(0.397,0.603)
  [fusion-ds2] epoch 80/150  train=0.000648  val_rmse=0.23%  w=(0.382,0.618)
  [fusion-ds2] epoch 100/150  train=0.000557  val_rmse=0.25%  w=(0.374,0.626)
  [fusion-ds2] early stop at epoch 105  best_val_rmse=0.23%
  [fusion-ds3] epoch 1/150  train=0.577970  val_rmse=31.32%  w=(0.521,0.479)
  [fusion-ds3] epoch 20/150  train=0.021121  val_rmse=0.73%  w=(0.492,0.508)
  [fusion-ds3] epoch 40/150  train=0.017317  val_rmse=0.67%  w=(0.483,0.517)
  [fusion-ds3] early stop at epoch 57  best_val_rmse=0.60%

=== Step 4: Evaluate Dataset 1 (Strategy D) ===
/home/sxh/anaconda3/envs/battery-capacity/lib/python3.10/site-packages/sklearn/linear_model/_ridge.py:213: LinAlgWarning: Ill-conditioned matrix (rcond=4.61261e-08): result may not be accurate.
  return linalg.solve(A, Xy, assume_a="pos", overwrite_a=True).T
/home/sxh/anaconda3/envs/battery-capacity/lib/python3.10/site-packages/sklearn/linear_model/_ridge.py:213: LinAlgWarning: Ill-conditioned matrix (rcond=3.02782e-11): result may not be accurate.
  return linalg.solve(A, Xy, assume_a="pos", overwrite_a=True).T
  D1 fusion=0.43%  single=0.50%  latent=2.65%

=== Step 5: D2 transfer (zero-shot + TL finetune + native) ===
/home/sxh/anaconda3/envs/battery-capacity/lib/python3.10/site-packages/sklearn/linear_model/_ridge.py:213: LinAlgWarning: Ill-conditioned matrix (rcond=5.33359e-08): result may not be accurate.
  return linalg.solve(A, Xy, assume_a="pos", overwrite_a=True).T
  D2 zero-shot=1.45%  TL finetune=2.48%  native holdout=0.23%

=== Step 6: D3 holdout ===
  D3 holdout fusion=0.60%  latent=1.51%
  Summary: /home/sxh/data-driven-capacity-estimation-from-voltage-relaxation/research_mae/output/RESULTS.md

=== Step 7: Export fused features (.npy) ===
  Dataset 1: dataset_1_fused.npy  (22506 samples)
  Dataset 2: dataset_2_fused.npy  (27803 samples)
  Dataset 3: dataset_3_fused.npy  (8582 samples)

=== Step 8: Thesis figures (Fig 1–5) ===
  /home/sxh/data-driven-capacity-estimation-from-voltage-relaxation/research_mae/figures/fig1_relaxation_voltage.png
  /home/sxh/data-driven-capacity-estimation-from-voltage-relaxation/research_mae/figures/fig2_cc_time_all_datasets.png
  /home/sxh/data-driven-capacity-estimation-from-voltage-relaxation/research_mae/figures/fig3_mae_reconstruction.png
  /home/sxh/data-driven-capacity-estimation-from-voltage-relaxation/research_mae/figures/fig4_latent_manifold.png
  /home/sxh/data-driven-capacity-estimation-from-voltage-relaxation/research_mae/figures/fig5_channel_attention.png
  /home/sxh/data-driven-capacity-estimation-from-voltage-relaxation/research_mae/figures/fig10_cycle_protocol_nca_cy45.png

Done.
