Device: cpu

=== Step 1: Extract & cache data ===

=== Step 3: Train fusion D1 ensemble (seeds=[42, 43, 44]) + D2/D3 ===
/home/sxh/anaconda3/envs/battery-capacity/lib/python3.10/site-packages/torch/autograd/graph.py:979: UserWarning: CUDA initialization: The NVIDIA driver on your system is too old (found version 12080). Please update your GPU driver by downloading and installing a new version from the URL: http://www.nvidia.com/Download/index.aspx Alternatively, go to: https://pytorch.org to install a PyTorch version that has been compiled with your version of the CUDA driver. (Triggered internally at /__w/pytorch/pytorch/c10/cuda/CUDAFunctions.cpp:119.)
  return Variable._execution_engine.run_backward(  # Calls into the C++ engine to run the backward pass
  [fusion-ds1] epoch 1/150  train=0.373727  val_rmse=7.79%  w=(0.516,0.484)
  [fusion-ds1] epoch 20/150  train=0.002926  val_rmse=0.87%  w=(0.469,0.531)
  [fusion-ds1] epoch 40/150  train=0.001589  val_rmse=0.75%  w=(0.470,0.530)
  [fusion-ds1] epoch 60/150  train=0.001234  val_rmse=0.82%  w=(0.462,0.538)
  [fusion-ds1] early stop at epoch 69  best_val_rmse=0.67%
  [fusion-ds1] epoch 1/150  train=0.535317  val_rmse=21.37%  w=(0.509,0.491)
  [fusion-ds1] epoch 20/150  train=0.003577  val_rmse=0.54%  w=(0.455,0.545)
  [fusion-ds1] epoch 40/150  train=0.001491  val_rmse=0.68%  w=(0.453,0.547)
  [fusion-ds1] early stop at epoch 45  best_val_rmse=0.54%
  [fusion-ds1] epoch 1/150  train=0.277077  val_rmse=4.35%  w=(0.513,0.487)
  [fusion-ds1] epoch 20/150  train=0.001472  val_rmse=0.75%  w=(0.449,0.551)
  [fusion-ds1] epoch 40/150  train=0.001148  val_rmse=0.71%  w=(0.439,0.561)
  [fusion-ds1] epoch 60/150  train=0.001094  val_rmse=0.65%  w=(0.430,0.570)
  [fusion-ds1] early stop at epoch 68  best_val_rmse=0.54%
  [fusion-ds2] epoch 1/150  train=0.227829  val_rmse=3.24%  w=(0.521,0.479)
  [fusion-ds2] epoch 20/150  train=0.000936  val_rmse=0.63%  w=(0.479,0.521)
  [fusion-ds2] epoch 40/150  train=0.000401  val_rmse=0.53%  w=(0.440,0.560)
  [fusion-ds2] epoch 60/150  train=0.000298  val_rmse=0.49%  w=(0.418,0.582)
  [fusion-ds2] early stop at epoch 78  best_val_rmse=0.33%
  [fusion-ds3] epoch 1/150  train=0.521399  val_rmse=42.56%  w=(0.517,0.483)
  [fusion-ds3] epoch 20/150  train=0.006541  val_rmse=1.38%  w=(0.445,0.555)
  [fusion-ds3] epoch 40/150  train=0.001328  val_rmse=1.22%  w=(0.433,0.567)
  [fusion-ds3] epoch 60/150  train=0.000723  val_rmse=1.18%  w=(0.430,0.570)
  [fusion-ds3] early stop at epoch 62  best_val_rmse=0.89%

=== Step 4: Evaluate Dataset 1 (Strategy D) ===
/home/sxh/anaconda3/envs/battery-capacity/lib/python3.10/site-packages/sklearn/linear_model/_ridge.py:213: LinAlgWarning: Ill-conditioned matrix (rcond=7.32086e-12): result may not be accurate.
  return linalg.solve(A, Xy, assume_a="pos", overwrite_a=True).T
  D1 fusion=0.55%  single=0.67%  latent=3.63%

=== Step 5: D2 transfer (zero-shot + TL finetune + native) ===
  D2 zero-shot=1.42%  TL finetune=2.47%  native holdout=0.33%

=== Step 6: D3 holdout ===
  D3 holdout fusion=0.89%  latent=2.33%
  Summary: /home/sxh/data-driven-capacity-estimation-from-voltage-relaxation/research_mae/output/RESULTS.md

=== Step 7: Export fused features (.npy) ===
  Dataset 1: dataset_1_fused.npy  (22506 samples)
  Dataset 2: dataset_2_fused.npy  (27803 samples)
  Dataset 3: dataset_3_fused.npy  (8582 samples)

=== Step 8: Training curves ===
  /home/sxh/data-driven-capacity-estimation-from-voltage-relaxation/research_mae/figures/train_fusion_ds1.png
  /home/sxh/data-driven-capacity-estimation-from-voltage-relaxation/research_mae/figures/train_fusion_ds1_s43.png
  /home/sxh/data-driven-capacity-estimation-from-voltage-relaxation/research_mae/figures/train_fusion_ds1_s44.png
  /home/sxh/data-driven-capacity-estimation-from-voltage-relaxation/research_mae/figures/train_fusion_ds2.png
  /home/sxh/data-driven-capacity-estimation-from-voltage-relaxation/research_mae/figures/train_fusion_ds3.png
  /home/sxh/data-driven-capacity-estimation-from-voltage-relaxation/research_mae/figures/train_overview_val_loss.png

=== Step 9: Thesis figures (Fig 1–5) ===
  /home/sxh/data-driven-capacity-estimation-from-voltage-relaxation/research_mae/figures/fig1_relaxation_voltage.png
  /home/sxh/data-driven-capacity-estimation-from-voltage-relaxation/research_mae/figures/fig2_cc_time_dataset1.png
  /home/sxh/data-driven-capacity-estimation-from-voltage-relaxation/research_mae/figures/fig3_mae_reconstruction.png
  /home/sxh/data-driven-capacity-estimation-from-voltage-relaxation/research_mae/figures/fig4_latent_manifold.png
  /home/sxh/data-driven-capacity-estimation-from-voltage-relaxation/research_mae/figures/fig5_channel_attention.png

Done.
