Device: cpu

=== RUL label statistics (Dataset 1) ===
  {'n_cells': 66, 'n_censored': 10, 'n_reached_eol': 56, 'n_valid_samples': 20423}

=== Train main Quantile TCN (D1, fused features) ===
/home/sxh/anaconda3/envs/battery-capacity/lib/python3.10/site-packages/torch/autograd/graph.py:979: UserWarning: CUDA initialization: The NVIDIA driver on your system is too old (found version 12080). Please update your GPU driver by downloading and installing a new version from the URL: http://www.nvidia.com/Download/index.aspx Alternatively, go to: https://pytorch.org to install a PyTorch version that has been compiled with your version of the CUDA driver. (Triggered internally at /__w/pytorch/pytorch/c10/cuda/CUDAFunctions.cpp:119.)
  return Variable._execution_engine.run_backward(  # Calls into the C++ engine to run the backward pass
  [RUL-fused] ep 1/50  RMSE=48.1  MAE=29.0  PICP=0.491
  [RUL-fused] ep 10/50  RMSE=25.5  MAE=14.0  PICP=0.505
  [RUL-fused] early stop ep 18  best RMSE=24.3
  [RUL-fused] ep 1/30  RMSE=51.5  MAE=27.9  PICP=0.511
  [RUL-fused] ep 10/30  RMSE=26.1  MAE=14.1  PICP=0.489
  [RUL-fused] early stop ep 18  best RMSE=23.1
  [RUL-fused] ep 1/30  RMSE=49.0  MAE=27.7  PICP=0.495
  [RUL-fused] ep 10/30  RMSE=25.4  MAE=14.1  PICP=0.501
  [RUL-fused] ep 20/30  RMSE=27.4  MAE=15.7  PICP=0.410
  [RUL-fused] early stop ep 23  best RMSE=24.4

=== Ablation (Fig 7) ===
  [RUL-latent] ep 1/30  RMSE=41.9  MAE=25.9  PICP=0.505
  [RUL-latent] ep 10/30  RMSE=38.4  MAE=22.6  PICP=0.455
  [RUL-latent] ep 20/30  RMSE=38.1  MAE=21.8  PICP=0.436
  [RUL-latent] ep 30/30  RMSE=37.4  MAE=21.2  PICP=0.388
  Ablation latent: RMSE=37.0  MAE=20.7
  [RUL-cc] ep 1/30  RMSE=53.8  MAE=30.7  PICP=0.540
  [RUL-cc] ep 10/30  RMSE=32.0  MAE=18.1  PICP=0.536
  [RUL-cc] ep 20/30  RMSE=33.8  MAE=19.0  PICP=0.503
  [RUL-cc] ep 30/30  RMSE=29.8  MAE=17.0  PICP=0.492
  Ablation cc: RMSE=29.0  MAE=15.4
  [RUL-concat] ep 1/30  RMSE=46.9  MAE=27.6  PICP=0.492
  [RUL-concat] ep 10/30  RMSE=38.4  MAE=21.9  PICP=0.411
  [RUL-concat] ep 20/30  RMSE=35.2  MAE=19.5  PICP=0.372
  [RUL-concat] ep 30/30  RMSE=33.8  MAE=19.2  PICP=0.350
  Ablation concat: RMSE=32.4  MAE=18.2
  [RUL-fused] ep 1/30  RMSE=46.7  MAE=27.9  PICP=0.486
  [RUL-fused] ep 10/30  RMSE=26.6  MAE=14.8  PICP=0.496
  [RUL-fused] early stop ep 18  best RMSE=24.1
  Ablation fused: RMSE=24.1  MAE=13.3

=== Figures 6–9 ===
Traceback (most recent call last):
  File "/home/sxh/data-driven-capacity-estimation-from-voltage-relaxation/research_rul/run_all.py", line 89, in <module>
    main()
  File "/home/sxh/data-driven-capacity-estimation-from-voltage-relaxation/research_rul/run_all.py", line 60, in main
    print(f"  {fig6_monotonic_penalty(device=device, epochs=min(args.ablation_epochs, 25))}")
  File "/home/sxh/data-driven-capacity-estimation-from-voltage-relaxation/research_rul/figures.py", line 79, in fig6_monotonic_penalty
    cyc, y, lo_off, med_off, hi_off = predict_cell_rul_trajectory(m_off, dataset_id, test_cell, device)
  File "/home/sxh/anaconda3/envs/battery-capacity/lib/python3.10/site-packages/torch/utils/_contextlib.py", line 124, in decorate_context
    return func(*args, **kwargs)
  File "/home/sxh/data-driven-capacity-estimation-from-voltage-relaxation/research_rul/figures.py", line 43, in predict_cell_rul_trajectory
    table = build_rul_table(
NameError: name 'build_rul_table' is not defined
